Arguments: 
  /Users/joeappleton/.nvm/versions/node/v13.14.0/bin/node /usr/local/Cellar/yarn/1.22.4/libexec/bin/yarn.js init

PATH: 
  /usr/local/opt/openssl@1.1/bin:/Users/joeappleton/.nvm/versions/node/v13.14.0/bin:/Users/joeappleton/Library/Android/sdk/platform-tools:/usr/local/bin:/usr/local/opt/php@7.4/bin:/usr/local/opt/php@7.0/sbin:/Users/joeappleton/Library/Android/sdk/tools:/usr/local/opt/php@7.0/bin:/usr/local/opt/mysql@5.7/bin:/Applications/mongo/bin:/Users/joeappleton/Library/Android/sdk/emulator:/usr/local/bin:/usr/bin:/bin:/usr/sbin:/sbin:/Library/TeX/texbin:/usr/local/opt/openssl@1.1/bin:/Users/joeappleton/.sdkman/candidates/kotlin/current/bin:/Users/joeappleton/.nvm/versions/node/v13.14.0/bin:/Users/joeappleton/Library/Android/sdk/platform-tools:/usr/local/opt/php@7.4/bin:/usr/local/opt/php@7.0/sbin:/Users/joeappleton/Library/Android/sdk/tools:/usr/local/opt/php@7.0/bin:/usr/local/opt/mysql@5.7/bin:/Applications/mongo/bin

Yarn version: 
  1.22.4

Node version: 
  13.14.0

Platform: 
  darwin x64

Trace: 
  Error: canceled
      at Interface.<anonymous> (/usr/local/Cellar/yarn/1.22.4/libexec/lib/cli.js:137008:13)
      at Interface.emit (events.js:315:20)
      at Interface._ttyWrite (readline.js:873:16)
      at ReadStream.onkeypress (readline.js:213:10)
      at ReadStream.emit (events.js:315:20)
      at emitKeys (internal/readline/utils.js:335:14)
      at emitKeys.next (<anonymous>)
      at ReadStream.onData (readline.js:1140:36)
      at ReadStream.emit (events.js:315:20)
      at addChunk (_stream_readable.js:297:12)

npm manifest: 
  No manifest

yarn manifest: 
  No manifest

Lockfile: 
  No lockfile
